<?xml version="1.0" encoding="UTF-8"?>
<!-- Generated by org.testng.reporters.JUnitReportReporter -->
<testsuite hostname="Nguyens-MacBook-Pro.local" failures="0" tests="1" name="com.flodesk.tests.Tests" time="16.000" errors="0" timestamp="2021-08-19T11:19:42 ICT" skipped="0">
  <testcase classname="com.flodesk.tests.Tests" name="createNewFolder" time="16.000"/>
  <system-out/>
</testsuite> <!-- com.flodesk.tests.Tests -->
